Arguments: 
  /usr/local/bin/node /opt/homebrew/Cellar/yarn/1.22.19/libexec/bin/yarn.js add styles-components

PATH: 
  /opt/homebrew/bin:/opt/homebrew/sbin:/usr/local/bin:/System/Cryptexes/App/usr/bin:/usr/bin:/bin:/usr/sbin:/sbin

Yarn version: 
  1.22.19

Node version: 
  14.19.1

Platform: 
  darwin x64

Trace: 
  Error: https://registry.yarnpkg.com/styles-components: Not found
      at Request.params.callback [as _callback] (/opt/homebrew/Cellar/yarn/1.22.19/libexec/lib/cli.js:66145:18)
      at Request.self.callback (/opt/homebrew/Cellar/yarn/1.22.19/libexec/lib/cli.js:140890:22)
      at Request.emit (events.js:400:28)
      at Request.<anonymous> (/opt/homebrew/Cellar/yarn/1.22.19/libexec/lib/cli.js:141862:10)
      at Request.emit (events.js:400:28)
      at IncomingMessage.<anonymous> (/opt/homebrew/Cellar/yarn/1.22.19/libexec/lib/cli.js:141784:12)
      at Object.onceWrapper (events.js:519:28)
      at IncomingMessage.emit (events.js:412:35)
      at endReadableNT (internal/streams/readable.js:1334:12)
      at processTicksAndRejections (internal/process/task_queues.js:82:21)

npm manifest: 
  {
  	"name": "todo-app",
  	"version": "0.1.0",
  	"private": true,
  	"dependencies": {
  		"@fontsource/poppins": "^4.5.0",
  		"@reduxjs/toolkit": "^1.7.1",
  		"date-fns": "^2.28.0",
  		"framer-motion": "^5.5.1",
  		"node-sass": "^7.0.0",
  		"react": "^17.0.2",
  		"react-dom": "^17.0.2",
  		"react-hot-toast": "^2.2.0",
  		"react-icons": "^4.3.1",
  		"react-redux": "^7.2.6",
  		"react-scripts": "5.0.0",
  		"styled-components": "^5.3.6",
  		"uuid": "^8.3.2"
  	},
  	"scripts": {
  		"start": "react-scripts start",
  		"build": "react-scripts build",
  		"test": "react-scripts test",
  		"eject": "react-scripts eject"
  	},
  	"eslintConfig": {
  		"extends": [
  			"wesbos"
  		],
  		"rules": {
  			"import/no-extraneous-dependencies": [
  				"error",
  				{
  					"devDependencies": true
  				}
  			],
  			"react/prop-types": 0
  		}
  	},
  	"browserslist": {
  		"production": [
  			">0.2%",
  			"not dead",
  			"not op_mini all"
  		],
  		"development": [
  			"last 1 chrome version",
  			"last 1 firefox version",
  			"last 1 safari version"
  		]
  	},
  	"devDependencies": {
  		"eslint-config-wesbos": "^3.0.2"
  	}
  }

yarn manifest: 
  No manifest

Lockfile: 
  No lockfile
